<?xml version="1.0" encoding="UTF-8"?>
<!-- Generated by org.testng.reporters.JUnitXMLReporter -->
<testsuite hostname="LAPTOP-GDT3JREG" ignored="0" name="cv-library-uk" tests="7" failures="4" timestamp="2022-05-09T15:49:50 BST" time="77.615" errors="0">
  <testcase name="verifyJobSearchResultUsingDifferentDataSet" time="3.74" classname="uk.co.library.testsuite.JobSearchTest">
    <failure type="java.lang.AssertionError" message="expected [Permanent Tester jobs in Harrow on the Hill] but found [Search jobs in your area]">
      <![CDATA[java.lang.AssertionError: expected [Permanent Tester jobs in Harrow on the Hill] but found [Search jobs in your area]
at uk.co.library.testsuite.JobSearchTest.verifyJobSearchResultUsingDifferentDataSet(JobSearchTest.java:45)
at java.util.ArrayList.forEach(ArrayList.java:1249)
at com.intellij.rt.testng.IDEARemoteTestNG.run(IDEARemoteTestNG.java:66)
at com.intellij.rt.testng.RemoteTestNGStarter.main(RemoteTestNGStarter.java:109)
... Removed 30 stack frames]]>
    </failure>
  </testcase> <!-- verifyJobSearchResultUsingDifferentDataSet -->
  <testcase name="verifyJobSearchResultUsingDifferentDataSet" time="3.727" classname="uk.co.library.testsuite.JobSearchTest">
    <failure type="java.lang.AssertionError" message="expected [Software Tester jobs in London] but found [Search jobs in your area]">
      <![CDATA[java.lang.AssertionError: expected [Software Tester jobs in London] but found [Search jobs in your area]
at uk.co.library.testsuite.JobSearchTest.verifyJobSearchResultUsingDifferentDataSet(JobSearchTest.java:45)
at java.util.ArrayList.forEach(ArrayList.java:1249)
at com.intellij.rt.testng.IDEARemoteTestNG.run(IDEARemoteTestNG.java:66)
at com.intellij.rt.testng.RemoteTestNGStarter.main(RemoteTestNGStarter.java:109)
... Removed 30 stack frames]]>
    </failure>
  </testcase> <!-- verifyJobSearchResultUsingDifferentDataSet -->
  <testcase name="verifyJobSearchResultUsingDifferentDataSet" time="3.759" classname="uk.co.library.testsuite.JobSearchTest">
    <failure type="java.lang.AssertionError" message="expected [Tester jobs in London] but found [Search jobs in your area]">
      <![CDATA[java.lang.AssertionError: expected [Tester jobs in London] but found [Search jobs in your area]
at uk.co.library.testsuite.JobSearchTest.verifyJobSearchResultUsingDifferentDataSet(JobSearchTest.java:45)
at java.util.ArrayList.forEach(ArrayList.java:1249)
at com.intellij.rt.testng.IDEARemoteTestNG.run(IDEARemoteTestNG.java:66)
at com.intellij.rt.testng.RemoteTestNGStarter.main(RemoteTestNGStarter.java:109)
... Removed 30 stack frames]]>
    </failure>
  </testcase> <!-- verifyJobSearchResultUsingDifferentDataSet -->
  <testcase name="verifyJobSearchResultUsingDifferentDataSet" time="7.67" classname="uk.co.library.testsuite.JobSearchTest"/>
  <testcase name="verifyJobSearchResultUsingDifferentDataSet" time="3.626" classname="uk.co.library.testsuite.JobSearchTest">
    <failure type="java.lang.AssertionError" message="expected [Recruitment Administrator jobs in Norfolk] but found [Search jobs in your area]">
      <![CDATA[java.lang.AssertionError: expected [Recruitment Administrator jobs in Norfolk] but found [Search jobs in your area]
at uk.co.library.testsuite.JobSearchTest.verifyJobSearchResultUsingDifferentDataSet(JobSearchTest.java:45)
at java.util.ArrayList.forEach(ArrayList.java:1249)
at com.intellij.rt.testng.IDEARemoteTestNG.run(IDEARemoteTestNG.java:66)
at com.intellij.rt.testng.RemoteTestNGStarter.main(RemoteTestNGStarter.java:109)
... Removed 30 stack frames]]>
    </failure>
  </testcase> <!-- verifyJobSearchResultUsingDifferentDataSet -->
  <testcase name="verifyJobSearchResultUsingDifferentDataSet" time="13.237" classname="uk.co.library.testsuite.JobSearchTest"/>
  <testcase name="verifyJobSearchResultUsingDifferentDataSet" time="7.154" classname="uk.co.library.testsuite.JobSearchTest"/>
</testsuite> <!-- cv-library-uk -->
